[MASTER] 19:11:18.765 [pool-2-thread-1] ERROR TestCluster - Failed to check cache for java.util.Enumeration<E> : Type points to itself
[MASTER] 19:12:03.174 [Thread-4] ERROR ClientNodeImpl - Cannot inform master of change of state
java.rmi.MarshalException: error marshalling arguments; nested exception is: 
	java.net.SocketException: Software caused connection abort: socket write error
	at sun.rmi.server.UnicastRef.invoke(UnicastRef.java:157) ~[na:1.8.0_202]
	at java.rmi.server.RemoteObjectInvocationHandler.invokeRemoteMethod(RemoteObjectInvocationHandler.java:227) ~[na:1.8.0_202]
	at java.rmi.server.RemoteObjectInvocationHandler.invoke(RemoteObjectInvocationHandler.java:179) ~[na:1.8.0_202]
	at com.sun.proxy.$Proxy7.evosuite_collectStatistics(Unknown Source) ~[na:na]
	at org.evosuite.rmi.service.ClientNodeImpl.updateStatistics(ClientNodeImpl.java:237) ~[evosuite-master-1.0.6.jar:1.0.6]
	at org.evosuite.statistics.StatisticsSender.sendIndividualToMaster(StatisticsSender.java:68) [evosuite-master-1.0.6.jar:1.0.6]
	at org.evosuite.statistics.StatisticsListener$1.run(StatisticsListener.java:71) [evosuite-master-1.0.6.jar:1.0.6]
Caused by: java.net.SocketException: Software caused connection abort: socket write error
	at java.net.SocketOutputStream.socketWrite0(Native Method) ~[na:1.8.0_202]
	at java.net.SocketOutputStream.socketWrite(SocketOutputStream.java:111) ~[na:1.8.0_202]
	at java.net.SocketOutputStream.write(SocketOutputStream.java:155) ~[na:1.8.0_202]
	at java.io.BufferedOutputStream.flushBuffer(BufferedOutputStream.java:82) ~[na:1.8.0_202]
	at java.io.BufferedOutputStream.write(BufferedOutputStream.java:126) ~[na:1.8.0_202]
	at java.io.ObjectOutputStream$BlockDataOutputStream.drain(ObjectOutputStream.java:1877) ~[na:1.8.0_202]
	at java.io.ObjectOutputStream$BlockDataOutputStream.setBlockDataMode(ObjectOutputStream.java:1786) ~[na:1.8.0_202]
	at java.io.ObjectOutputStream.writeNonProxyDesc(ObjectOutputStream.java:1286) ~[na:1.8.0_202]
	at java.io.ObjectOutputStream.writeClassDesc(ObjectOutputStream.java:1231) ~[na:1.8.0_202]
	at java.io.ObjectOutputStream.writeOrdinaryObject(ObjectOutputStream.java:1427) ~[na:1.8.0_202]
	at java.io.ObjectOutputStream.writeObject0(ObjectOutputStream.java:1178) ~[na:1.8.0_202]
	at java.io.ObjectOutputStream.writeFatalException(ObjectOutputStream.java:1577) ~[na:1.8.0_202]
	at java.io.ObjectOutputStream.writeObject(ObjectOutputStream.java:351) ~[na:1.8.0_202]
	at sun.rmi.server.UnicastRef.marshalValue(UnicastRef.java:290) ~[na:1.8.0_202]
	at sun.rmi.server.UnicastRef.invoke(UnicastRef.java:152) ~[na:1.8.0_202]
	... 6 common frames omitted
[MASTER] 19:15:29.438 [pool-2-thread-1] ERROR TestCaseExecutor - ExecutionException (this is likely a serious error in the framework)
java.util.concurrent.ExecutionException: org.evosuite.testcase.execution.EvosuiteError: java.lang.IncompatibleClassChangeError: org.apache.axiom.om.impl.intf.AxiomElement and org.apache.axiom.om.impl.intf.AxiomElement$AxiomElementSupport$1 disagree on InnerClasses attribute
	at java.util.concurrent.FutureTask.report(FutureTask.java:122) [na:1.8.0_202]
	at java.util.concurrent.FutureTask.get(FutureTask.java:206) [na:1.8.0_202]
	at org.evosuite.testcase.execution.TimeoutHandler.executeWithTimeout(TimeoutHandler.java:107) ~[evosuite-master-1.0.6.jar:1.0.6]
	at org.evosuite.testcase.execution.TimeoutHandler.execute(TimeoutHandler.java:96) ~[evosuite-master-1.0.6.jar:1.0.6]
	at org.evosuite.testcase.execution.TestCaseExecutor.execute(TestCaseExecutor.java:334) [evosuite-master-1.0.6.jar:1.0.6]
	at org.evosuite.testcase.execution.TestCaseExecutor.execute(TestCaseExecutor.java:277) [evosuite-master-1.0.6.jar:1.0.6]
	at org.evosuite.testcase.execution.TestCaseExecutor.execute(TestCaseExecutor.java:264) [evosuite-master-1.0.6.jar:1.0.6]
	at org.evosuite.testsuite.TestSuiteFitnessFunction.runTest(TestSuiteFitnessFunction.java:63) [evosuite-master-1.0.6.jar:1.0.6]
	at org.evosuite.testcase.TestChromosome.executeForFitnessFunction(TestChromosome.java:692) [evosuite-master-1.0.6.jar:1.0.6]
	at org.evosuite.testsuite.TestSuiteFitnessFunction.runTestSuite(TestSuiteFitnessFunction.java:97) [evosuite-master-1.0.6.jar:1.0.6]
	at org.evosuite.coverage.line.LineCoverageSuiteFitness.getFitness(LineCoverageSuiteFitness.java:157) [evosuite-master-1.0.6.jar:1.0.6]
	at org.evosuite.coverage.line.LineCoverageSuiteFitness.getFitness(LineCoverageSuiteFitness.java:45) [evosuite-master-1.0.6.jar:1.0.6]
	at org.evosuite.ga.metaheuristics.MonotonicGA.evolve(MonotonicGA.java:139) [evosuite-master-1.0.6.jar:1.0.6]
	at org.evosuite.ga.metaheuristics.MonotonicGA.generateSolution(MonotonicGA.java:245) [evosuite-master-1.0.6.jar:1.0.6]
	at org.evosuite.strategy.WholeTestSuiteStrategy.generateTests(WholeTestSuiteStrategy.java:113) [evosuite-master-1.0.6.jar:1.0.6]
	at org.evosuite.TestSuiteGenerator.generateTests(TestSuiteGenerator.java:653) [evosuite-master-1.0.6.jar:1.0.6]
	at org.evosuite.TestSuiteGenerator.generateTestSuite(TestSuiteGenerator.java:236) [evosuite-master-1.0.6.jar:1.0.6]
	at org.evosuite.rmi.service.ClientNodeImpl$1.run(ClientNodeImpl.java:145) [evosuite-master-1.0.6.jar:1.0.6]
	at java.util.concurrent.Executors$RunnableAdapter.call(Executors.java:511) [na:1.8.0_202]
	at java.util.concurrent.FutureTask.run(FutureTask.java:266) [na:1.8.0_202]
	at java.util.concurrent.ThreadPoolExecutor.runWorker(ThreadPoolExecutor.java:1149) [na:1.8.0_202]
	at java.util.concurrent.ThreadPoolExecutor$Worker.run(ThreadPoolExecutor.java:624) [na:1.8.0_202]
	at java.lang.Thread.run(Thread.java:748) [na:1.8.0_202]
Caused by: org.evosuite.testcase.execution.EvosuiteError: java.lang.IncompatibleClassChangeError: org.apache.axiom.om.impl.intf.AxiomElement and org.apache.axiom.om.impl.intf.AxiomElement$AxiomElementSupport$1 disagree on InnerClasses attribute
	at org.evosuite.testcase.statements.MethodStatement$1.execute(MethodStatement.java:281) ~[evosuite-master-1.0.6.jar:1.0.6]
	at org.evosuite.testcase.statements.AbstractStatement.exceptionHandler(AbstractStatement.java:169) ~[evosuite-master-1.0.6.jar:1.0.6]
	at org.evosuite.testcase.statements.MethodStatement.execute(MethodStatement.java:220) ~[evosuite-master-1.0.6.jar:1.0.6]
	at org.evosuite.testcase.execution.TestRunnable.executeStatements(TestRunnable.java:307) ~[evosuite-master-1.0.6.jar:1.0.6]
	at org.evosuite.testcase.execution.TestRunnable.call(TestRunnable.java:213) ~[evosuite-master-1.0.6.jar:1.0.6]
	at org.evosuite.testcase.execution.TestRunnable.call(TestRunnable.java:55) ~[evosuite-master-1.0.6.jar:1.0.6]
	... 4 common frames omitted
Caused by: java.lang.IncompatibleClassChangeError: org.apache.axiom.om.impl.intf.AxiomElement and org.apache.axiom.om.impl.intf.AxiomElement$AxiomElementSupport$1 disagree on InnerClasses attribute
	at java.lang.Class.getDeclaringClass0(Native Method) ~[na:1.8.0_202]
	at java.lang.Class.getDeclaringClass(Class.java:1235) ~[na:1.8.0_202]
	at org.evosuite.setup.TestUsageChecker.canUse(TestUsageChecker.java:171) ~[evosuite-master-1.0.6.jar:1.0.6]
	at org.evosuite.testcase.execution.Scope.setObject(Scope.java:95) ~[evosuite-master-1.0.6.jar:1.0.6]
	at org.evosuite.testcase.variable.VariableReferenceImpl.setObject(VariableReferenceImpl.java:385) ~[evosuite-master-1.0.6.jar:1.0.6]
	at org.evosuite.testcase.statements.MethodStatement$1.execute(MethodStatement.java:276) ~[evosuite-master-1.0.6.jar:1.0.6]
	... 9 common frames omitted
[MASTER] 19:15:29.438 [pool-2-thread-1] ERROR ClientNodeImpl - Error when generating tests for: br.com.swconsultoria.nfe.wsdl.CadConsultaCadastro.rs.CadConsultaCadastro4Stub with seed 1712787063746. Configuration id : default
org.evosuite.testcase.execution.EvosuiteError: java.lang.IncompatibleClassChangeError: org.apache.axiom.om.impl.intf.AxiomElement and org.apache.axiom.om.impl.intf.AxiomElement$AxiomElementSupport$1 disagree on InnerClasses attribute
	at org.evosuite.testcase.statements.MethodStatement$1.execute(MethodStatement.java:281) ~[evosuite-master-1.0.6.jar:1.0.6]
	at org.evosuite.testcase.statements.AbstractStatement.exceptionHandler(AbstractStatement.java:169) ~[evosuite-master-1.0.6.jar:1.0.6]
	at org.evosuite.testcase.statements.MethodStatement.execute(MethodStatement.java:220) ~[evosuite-master-1.0.6.jar:1.0.6]
	at org.evosuite.testcase.execution.TestRunnable.executeStatements(TestRunnable.java:307) ~[evosuite-master-1.0.6.jar:1.0.6]
	at org.evosuite.testcase.execution.TestRunnable.call(TestRunnable.java:213) ~[evosuite-master-1.0.6.jar:1.0.6]
	at org.evosuite.testcase.execution.TestRunnable.call(TestRunnable.java:55) ~[evosuite-master-1.0.6.jar:1.0.6]
	at java.util.concurrent.FutureTask.run(FutureTask.java:266) [na:1.8.0_202]
	at java.util.concurrent.ThreadPoolExecutor.runWorker(ThreadPoolExecutor.java:1149) [na:1.8.0_202]
	at java.util.concurrent.ThreadPoolExecutor$Worker.run(ThreadPoolExecutor.java:624) [na:1.8.0_202]
	at java.lang.Thread.run(Thread.java:748) [na:1.8.0_202]
Caused by: java.lang.IncompatibleClassChangeError: org.apache.axiom.om.impl.intf.AxiomElement and org.apache.axiom.om.impl.intf.AxiomElement$AxiomElementSupport$1 disagree on InnerClasses attribute
	at java.lang.Class.getDeclaringClass0(Native Method) ~[na:1.8.0_202]
	at java.lang.Class.getDeclaringClass(Class.java:1235) ~[na:1.8.0_202]
	at org.evosuite.setup.TestUsageChecker.canUse(TestUsageChecker.java:171) ~[evosuite-master-1.0.6.jar:1.0.6]
	at org.evosuite.testcase.execution.Scope.setObject(Scope.java:95) ~[evosuite-master-1.0.6.jar:1.0.6]
	at org.evosuite.testcase.variable.VariableReferenceImpl.setObject(VariableReferenceImpl.java:385) ~[evosuite-master-1.0.6.jar:1.0.6]
	at org.evosuite.testcase.statements.MethodStatement$1.execute(MethodStatement.java:276) ~[evosuite-master-1.0.6.jar:1.0.6]
	... 9 common frames omitted
